
> n8n-monorepo@1.119.0 build /home/zhang/n8n-quanyuge
> turbo run build --filter=n8n-nodes-base

turbo 2.5.4

• Packages in scope: n8n-nodes-base
• Running build in 1 packages
• Remote caching disabled
@n8n/errors:build: cache hit, replaying logs 8b696b6971cbd432
@n8n/errors:build: 
@n8n/errors:build: > @n8n/errors@0.5.0 build /home/zhang/n8n-quanyuge/packages/@n8n/errors
@n8n/errors:build: > tsc -p tsconfig.build.json
@n8n/errors:build: 
@n8n/client-oauth2:build: cache hit, replaying logs 04befa8f3ad10d1b
@n8n/client-oauth2:build: 
@n8n/client-oauth2:build: > @n8n/client-oauth2@0.31.0 build /home/zhang/n8n-quanyuge/packages/@n8n/client-oauth2
@n8n/client-oauth2:build: > tsc -p tsconfig.build.json
@n8n/client-oauth2:build: 
@n8n/constants:build: cache hit, replaying logs 41c14565cce59bc2
@n8n/constants:build: 
@n8n/constants:build: > @n8n/constants@0.13.0 build /home/zhang/n8n-quanyuge/packages/@n8n/constants
@n8n/constants:build: > tsc -p tsconfig.build.json
@n8n/constants:build: 
@n8n/di:build: cache hit, replaying logs 5d79de500167d2ce
@n8n/di:build: 
@n8n/di:build: > @n8n/di@0.9.0 build /home/zhang/n8n-quanyuge/packages/@n8n/di
@n8n/di:build: > tsc -p tsconfig.build.json
@n8n/di:build: 
@n8n/vitest-config:build: cache hit, replaying logs 8975be36bba70577
@n8n/vitest-config:build: 
@n8n/vitest-config:build: > @n8n/vitest-config@1.5.0 build /home/zhang/n8n-quanyuge/packages/@n8n/vitest-config
@n8n/vitest-config:build: > tsc -p tsconfig.build.json
@n8n/vitest-config:build: 
@n8n/permissions:build: cache hit, replaying logs 552e7c1221aa2984
@n8n/permissions:build: 
@n8n/permissions:build: > @n8n/permissions@0.41.0 build /home/zhang/n8n-quanyuge/packages/@n8n/permissions
@n8n/permissions:build: > tsc -p tsconfig.build.json
@n8n/permissions:build: 
@n8n/imap:build: cache hit, replaying logs 2c8e103b348af389
@n8n/imap:build: 
@n8n/imap:build: > @n8n/imap@0.15.0 build /home/zhang/n8n-quanyuge/packages/@n8n/imap
@n8n/imap:build: > tsc -p tsconfig.build.json
@n8n/imap:build: 
@n8n/eslint-plugin-community-nodes:build: cache hit, replaying logs 83323386ed6685c2
@n8n/eslint-plugin-community-nodes:build: 
@n8n/eslint-plugin-community-nodes:build: > @n8n/eslint-plugin-community-nodes@0.6.0 build /home/zhang/n8n-quanyuge/packages/@n8n/eslint-plugin-community-nodes
@n8n/eslint-plugin-community-nodes:build: > tsc --project tsconfig.build.json
@n8n/eslint-plugin-community-nodes:build: 
@n8n/config:build: cache hit, replaying logs 71039c537025cf23
@n8n/config:build: 
@n8n/config:build: > @n8n/config@1.61.0 build /home/zhang/n8n-quanyuge/packages/@n8n/config
@n8n/config:build: > tsc -p tsconfig.build.json
@n8n/config:build: 
n8n-workflow:build: cache hit, replaying logs abadc8863001b811
n8n-workflow:build: 
n8n-workflow:build: > n8n-workflow@1.116.0 build /home/zhang/n8n-quanyuge/packages/workflow
n8n-workflow:build: > tsc --build tsconfig.build.esm.json tsconfig.build.cjs.json
n8n-workflow:build: 
@n8n/decorators:build: cache hit, replaying logs 7b4acf52dc2fac2d
@n8n/decorators:build: 
@n8n/decorators:build: > @n8n/decorators@0.29.0 build /home/zhang/n8n-quanyuge/packages/@n8n/decorators
@n8n/decorators:build: > tsc -p tsconfig.build.json
@n8n/decorators:build: 
@n8n/backend-common:build: cache hit, replaying logs ea0e3f1cc440727b
@n8n/backend-common:build: 
@n8n/backend-common:build: > @n8n/backend-common@0.29.0 build /home/zhang/n8n-quanyuge/packages/@n8n/backend-common
@n8n/backend-common:build: > tsc -p tsconfig.build.json
@n8n/backend-common:build: 
n8n-core:build: cache hit, replaying logs 832443c7f055cdbb
n8n-core:build: 
n8n-core:build: > n8n-core@1.118.0 build /home/zhang/n8n-quanyuge/packages/core
n8n-core:build: > tsc -p tsconfig.build.json && tsc-alias -p tsconfig.build.json
n8n-core:build: 
n8n-nodes-base:build: cache miss, executing fd4ca6b66dfd3725
n8n-nodes-base:build: 
n8n-nodes-base:build: > n8n-nodes-base@1.117.0 build /home/zhang/n8n-quanyuge/packages/nodes-base
n8n-nodes-base:build: > tsc --build tsconfig.build.cjs.json && pnpm copy-nodes-json && tsc-alias -p tsconfig.build.cjs.json && pnpm n8n-copy-static-files && pnpm n8n-generate-translations && pnpm n8n-generate-metadata
n8n-nodes-base:build: 
n8n-nodes-base:build: 
n8n-nodes-base:build: > n8n-nodes-base@1.117.0 copy-nodes-json /home/zhang/n8n-quanyuge/packages/nodes-base
n8n-nodes-base:build: > node scripts/copy-nodes-json.js .
n8n-nodes-base:build: 
n8n-nodes-base:build: Default locale set to: [35men[0m
n8n-nodes-base:build: No translation required - Skipping translations build...

 Tasks:    14 successful, 14 total
Cached:    13 cached, 14 total
  Time:    12.193s 

