
> @n8n/stores@1.26.0 build /home/zhang/n8n-quanyuge/packages/frontend/@n8n/stores
> tsdown

[34mℹ[39m tsdown [2mv0.15.6[22m powered by rolldown [2mv1.0.0-beta.47[22m
[34mℹ[39m Using tsdown config: [4m/home/zhang/n8n-quanyuge/packages/frontend/@n8n/stores/tsdown.config.ts[24m
[34mℹ[39m entry: [34msrc/constants.ts, src/index.ts, src/metaTagConfig.ts, src/useAgentRequestStore.ts, src/useRootStore.ts[39m
[34mℹ[39m tsconfig: [34mtsconfig.json[39m
[34mℹ[39m Build start
[34mℹ[39m Cleaning 17 files
⚠ Deprecation Warning: The top-level "define" option is deprecated. Use "transform.define" instead.
⚠ Deprecation Warning: The top-level "inject" option is deprecated. Use "transform.inject" instead.
[34mℹ[39m [2mdist/[22m[1museRootStore.js[22m                [2m 5.58 kB[22m [2m│ gzip: 1.33 kB[22m
[34mℹ[39m [2mdist/[22m[1museAgentRequestStore.js[22m        [2m 1.86 kB[22m [2m│ gzip: 0.55 kB[22m
[34mℹ[39m [2mdist/[22m[1mmetaTagConfig.js[22m               [2m 0.17 kB[22m [2m│ gzip: 0.11 kB[22m
[34mℹ[39m [2mdist/[22m[1mconstants.js[22m                   [2m 0.07 kB[22m [2m│ gzip: 0.08 kB[22m
[34mℹ[39m [2mdist/[22m[1mindex.js[22m                       [2m 0.07 kB[22m [2m│ gzip: 0.08 kB[22m
[34mℹ[39m [2mdist/[22museRootStore.js.map            [2m10.31 kB[22m [2m│ gzip: 2.29 kB[22m
[34mℹ[39m [2mdist/[22museAgentRequestStore.js.map    [2m 3.73 kB[22m [2m│ gzip: 1.16 kB[22m
[34mℹ[39m [2mdist/[22mconstants-BdwZZ9fi.js.map      [2m 2.34 kB[22m [2m│ gzip: 1.08 kB[22m
[34mℹ[39m [2mdist/[22mmetaTagConfig-DwSO4X1O.js.map  [2m 1.86 kB[22m [2m│ gzip: 0.77 kB[22m
[34mℹ[39m [2mdist/[22mconstants-BdwZZ9fi.js          [2m 1.63 kB[22m [2m│ gzip: 0.85 kB[22m
[34mℹ[39m [2mdist/[22mmetaTagConfig-DwSO4X1O.js      [2m 1.13 kB[22m [2m│ gzip: 0.47 kB[22m
[34mℹ[39m [2mdist/[22m[32m[1museRootStore.d.ts[22m[39m              [2m 7.43 kB[22m [2m│ gzip: 0.92 kB[22m
[34mℹ[39m [2mdist/[22m[32m[1museAgentRequestStore.d.ts[22m[39m      [2m 2.51 kB[22m [2m│ gzip: 0.49 kB[22m
[34mℹ[39m [2mdist/[22m[32m[1mmetaTagConfig.d.ts[22m[39m             [2m 0.31 kB[22m [2m│ gzip: 0.17 kB[22m
[34mℹ[39m [2mdist/[22m[32m[1mconstants.d.ts[22m[39m                 [2m 0.07 kB[22m [2m│ gzip: 0.08 kB[22m
[34mℹ[39m [2mdist/[22m[32m[1mindex.d.ts[22m[39m                     [2m 0.07 kB[22m [2m│ gzip: 0.08 kB[22m
[34mℹ[39m [2mdist/[22m[32mconstants-BrTgcdyn.d.ts[39m        [2m 2.15 kB[22m [2m│ gzip: 0.88 kB[22m
[34mℹ[39m 17 files, total: 41.31 kB
[32m✔[39m Build complete in [32m2220ms[39m
