
> n8n-nodes-base@1.117.0 build /home/zhang/n8n-quanyuge/packages/nodes-base
> tsc --build tsconfig.build.cjs.json && pnpm copy-nodes-json && tsc-alias -p tsconfig.build.cjs.json && pnpm n8n-copy-static-files && pnpm n8n-generate-translations && pnpm n8n-generate-metadata


> n8n-nodes-base@1.117.0 copy-nodes-json /home/zhang/n8n-quanyuge/packages/nodes-base
> node scripts/copy-nodes-json.js .

Default locale set to: [35men[0m
No translation required - Skipping translations build...
node:internal/modules/cjs/loader:1386
  throw err;
  ^

Error: Cannot find module '/home/zhang/n8n-quanyuge/packages/nodes-base/dist/nodes/Brevo/Brevo.node.js'
Require stack:
- /home/zhang/n8n-quanyuge/packages/core/dist/nodes-loader/load-class-in-isolation.js
- /home/zhang/n8n-quanyuge/packages/core/dist/nodes-loader/directory-loader.js
- /home/zhang/n8n-quanyuge/packages/core/dist/nodes-loader/package-directory-loader.js
- /home/zhang/n8n-quanyuge/packages/core/bin/generate-metadata
    at Function._resolveFilename (node:internal/modules/cjs/loader:1383:15)
    at defaultResolveImpl (node:internal/modules/cjs/loader:1025:19)
    at resolveForCJSWithHooks (node:internal/modules/cjs/loader:1030:22)
    at Function._load (node:internal/modules/cjs/loader:1192:37)
    at TracingChannel.traceSync (node:diagnostics_channel:328:14)
    at wrapModuleLoad (node:internal/modules/cjs/loader:237:24)
    at Module.require (node:internal/modules/cjs/loader:1463:12)
    at require (node:internal/modules/helpers:147:16)
    at evalmachine.<anonymous>:1:6
    at Script.runInContext (node:vm:149:12) {
  code: 'MODULE_NOT_FOUND',
  requireStack: [
    '/home/zhang/n8n-quanyuge/packages/core/dist/nodes-loader/load-class-in-isolation.js',
    '/home/zhang/n8n-quanyuge/packages/core/dist/nodes-loader/directory-loader.js',
    '/home/zhang/n8n-quanyuge/packages/core/dist/nodes-loader/package-directory-loader.js',
    '/home/zhang/n8n-quanyuge/packages/core/bin/generate-metadata'
  ]
}

Node.js v22.21.1
 ELIFECYCLE  Command failed with exit code 1.
