
> n8n@1.119.0 typecheck /home/zhang/n8n-quanyuge/packages/cli
> tsc --noEmit

src/__tests__/active-workflow-manager.test.ts(68,16): error TS2345: Argument of type 'Partial<INodeType>' is not assignable to parameter of type '{ description?: { version?: number | (number | undefined)[] | undefined; defaults?: { color?: string | undefined; name?: string | undefined; } | undefined; eventTriggerDescription?: string | undefined; ... 38 more ...; usableAsTool?: true | ... 1 more ... | undefined; } | undefined; ... 8 more ...; customOperations?...'.
  Types of property 'description' are incompatible.
    Type 'INodeTypeDescription | undefined' is not assignable to type '{ version?: number | (number | undefined)[] | undefined; defaults?: { color?: string | undefined; name?: string | undefined; } | undefined; eventTriggerDescription?: string | undefined; ... 38 more ...; usableAsTool?: true | ... 1 more ... | undefined; } | undefined'.
      Type 'INodeTypeDescription' is not assignable to type '{ version?: number | (number | undefined)[] | undefined; defaults?: { color?: string | undefined; name?: string | undefined; } | undefined; eventTriggerDescription?: string | undefined; ... 38 more ...; usableAsTool?: true | ... 1 more ... | undefined; }'.
        Types of property 'properties' are incompatible.
          Type 'INodeProperties[]' is not assignable to type '({ displayName?: string | undefined; name?: string | undefined; type?: NodePropertyTypes | undefined; typeOptions?: { [x: string]: any; buttonConfig?: { action?: string | ... 1 more ... | undefined; label?: string | undefined; hasInputField?: boolean | undefined; inputFieldMaxLength?: number | undefined; } | undefin...'.
            Type 'INodeProperties' is not assignable to type '{ displayName?: string | undefined; name?: string | undefined; type?: NodePropertyTypes | undefined; typeOptions?: { [x: string]: any; buttonConfig?: { action?: string | { ...; } | undefined; label?: string | undefined; hasInputField?: boolean | undefined; inputFieldMaxLength?: number | undefined; } | undefined; ......'.
              Types of property 'typeOptions' are incompatible.
                Type 'INodePropertyTypeOptions | undefined' is not assignable to type '{ [x: string]: any; buttonConfig?: { action?: string | { type?: "askAiCodeGeneration" | undefined; handler?: string | undefined; target?: string | undefined; } | undefined; label?: string | undefined; hasInputField?: boolean | undefined; inputFieldMaxLength?: number | undefined; } | undefined; ... 25 more ...; binar...'.
                  Type 'INodePropertyTypeOptions' is not assignable to type '{ [x: string]: any; buttonConfig?: { action?: string | { type?: "askAiCodeGeneration" | undefined; handler?: string | undefined; target?: string | undefined; } | undefined; label?: string | undefined; hasInputField?: boolean | undefined; inputFieldMaxLength?: number | undefined; } | undefined; ... 25 more ...; binar...'.
                    Types of property 'filter' are incompatible.
                      Type 'FilterTypeOptions | undefined' is not assignable to type '{ version?: 1 | 2 | {} | undefined; caseSensitive?: string | boolean | undefined; leftValue?: string | undefined; allowedCombinators?: [(FilterTypeCombinator | undefined)?, ...undefined[]] | undefined; maxConditions?: number | undefined; typeValidation?: "strict" | ... 2 more ... | undefined; } | undefined'.
                        Type 'FilterTypeOptions' is not assignable to type '{ version?: 1 | 2 | {} | undefined; caseSensitive?: string | boolean | undefined; leftValue?: string | undefined; allowedCombinators?: [(FilterTypeCombinator | undefined)?, ...undefined[]] | undefined; maxConditions?: number | undefined; typeValidation?: "strict" | ... 2 more ... | undefined; }'.
                          Types of property 'allowedCombinators' are incompatible.
                            Type 'NonEmptyArray<FilterTypeCombinator> | undefined' is not assignable to type '[(FilterTypeCombinator | undefined)?, ...undefined[]] | undefined'.
                              Type 'NonEmptyArray<FilterTypeCombinator>' is not assignable to type '[(FilterTypeCombinator | undefined)?, ...undefined[]]'.
                                Type at position 1 in source is not compatible with type at position 1 in target.
                                  Type 'FilterTypeCombinator' is not assignable to type 'undefined'.
                                    Type '"and"' is not assignable to type 'undefined'.
src/__tests__/credential-types.test.ts(51,5): error TS2345: Argument of type '{ [K in keyof T]: T[K] extends (...args: infer A) => infer B ? CalledWithMock<B, A> : T[K]; } & T' is not assignable to parameter of type 'LoadNodesAndCredentials'.
  Type '{ [K in keyof T]: T[K] extends (...args: infer A) => infer B ? CalledWithMock<B, A> : T[K]; }' is missing the following properties from type 'LoadNodesAndCredentials': known, loaded, types, loaders, and 35 more.
src/__tests__/credential-types.test.ts(52,27): error TS2322: Type 'LoadedClass<ICredentialType>' is not assignable to type '{ sourcePath?: string | undefined; type?: { name?: string | undefined; displayName?: string | undefined; icon?: `fa:${string}` | `node:${string}.${string}` | `file:${string}.png` | `file:${string}.svg` | `={{${string}}}` | { light?: IconFile | undefined; dark?: IconFile | undefined; } | undefined; ... 12 more ...; s...'.
  The types of 'type.properties' are incompatible between these types.
    Type 'INodeProperties[]' is not assignable to type '({ displayName?: string | undefined; name?: string | undefined; type?: NodePropertyTypes | undefined; typeOptions?: { [x: string]: any; buttonConfig?: { action?: string | ... 1 more ... | undefined; label?: string | undefined; hasInputField?: boolean | undefined; inputFieldMaxLength?: number | undefined; } | undefin...'.
      Type 'INodeProperties' is not assignable to type '{ displayName?: string | undefined; name?: string | undefined; type?: NodePropertyTypes | undefined; typeOptions?: { [x: string]: any; buttonConfig?: { action?: string | { ...; } | undefined; label?: string | undefined; hasInputField?: boolean | undefined; inputFieldMaxLength?: number | undefined; } | undefined; ......'.
        Types of property 'typeOptions' are incompatible.
          Type 'INodePropertyTypeOptions | undefined' is not assignable to type '{ [x: string]: any; buttonConfig?: { action?: string | { type?: "askAiCodeGeneration" | undefined; handler?: string | undefined; target?: string | undefined; } | undefined; label?: string | undefined; hasInputField?: boolean | undefined; inputFieldMaxLength?: number | undefined; } | undefined; ... 25 more ...; binar...'.
            Type 'INodePropertyTypeOptions' is not assignable to type '{ [x: string]: any; buttonConfig?: { action?: string | { type?: "askAiCodeGeneration" | undefined; handler?: string | undefined; target?: string | undefined; } | undefined; label?: string | undefined; hasInputField?: boolean | undefined; inputFieldMaxLength?: number | undefined; } | undefined; ... 25 more ...; binar...'.
              Types of property 'filter' are incompatible.
                Type 'FilterTypeOptions | undefined' is not assignable to type '{ version?: 2 | 1 | {} | undefined; caseSensitive?: string | boolean | undefined; leftValue?: string | undefined; allowedCombinators?: [(FilterTypeCombinator | undefined)?, ...undefined[]] | undefined; maxConditions?: number | undefined; typeValidation?: "strict" | ... 2 more ... | undefined; } | undefined'.
                  Type 'FilterTypeOptions' is not assignable to type '{ version?: 2 | 1 | {} | undefined; caseSensitive?: string | boolean | undefined; leftValue?: string | undefined; allowedCombinators?: [(FilterTypeCombinator | undefined)?, ...undefined[]] | undefined; maxConditions?: number | undefined; typeValidation?: "strict" | ... 2 more ... | undefined; }'.
                    Types of property 'allowedCombinators' are incompatible.
                      Type 'NonEmptyArray<FilterTypeCombinator> | undefined' is not assignable to type '[(FilterTypeCombinator | undefined)?, ...undefined[]] | undefined'.
                        Type 'NonEmptyArray<FilterTypeCombinator>' is not assignable to type '[(FilterTypeCombinator | undefined)?, ...undefined[]]'.
                          Type at position 1 in source is not compatible with type at position 1 in target.
                            Type 'FilterTypeCombinator' is not assignable to type 'undefined'.
                              Type '"and"' is not assignable to type 'undefined'.
src/events/__tests__/log-streaming-event-relay.test.ts(266,7): error TS2578: Unused '@ts-expect-error' directive.
src/events/__tests__/log-streaming-event-relay.test.ts(271,7): error TS2353: Object literal may only specify known properties, and 'errorMessage' does not exist in type '{ error?: { httpCode?: string | null | undefined; readonly node?: { id?: string | undefined; name?: string | undefined; typeVersion?: number | undefined; type?: string | undefined; position?: [...?] | undefined; ... 15 more ...; forceCustomOperation?: { ...; } | undefined; } | undefined; ... 15 more ...; stack?: str...'.
src/events/__tests__/log-streaming-event-relay.test.ts(311,7): error TS2578: Unused '@ts-expect-error' directive.
src/events/__tests__/log-streaming-event-relay.test.ts(316,7): error TS2353: Object literal may only specify known properties, and 'errorMessage' does not exist in type '{ error?: { httpCode?: string | null | undefined; readonly node?: { id?: string | undefined; name?: string | undefined; typeVersion?: number | undefined; type?: string | undefined; position?: [...?] | undefined; ... 15 more ...; forceCustomOperation?: { ...; } | undefined; } | undefined; ... 15 more ...; stack?: str...'.
src/server.ts(8,53): error TS2305: Module '"n8n-core"' has no exported member 'Time'.
 ELIFECYCLE  Command failed with exit code 2.
